0 silly input [ 'publish' ]
1 silly flags { _: [ 'publish' ], 'reject-cycles': false, rejectCycles: false }
2 verbose rootPath /Users/yucong02/self/wowsearch
3 info version 2.11.0
4 silly isInitialized
5 silly isInitialized true
6 silly existsSync /Users/yucong02/self/wowsearch/VERSION
7 silly initialize attempt
8 info current version 0.0.2
9 silly isDetachedHead
10 silly getCurrentBranch
11 verbose getCurrentBranch master
12 verbose isDetachedHead false
13 silly getCurrentBranch
14 verbose getCurrentBranch master
15 silly getUpdates
16 info Checking for updated packages...
17 silly hasTags
18 verbose hasTags false
19 info Comparing with initial commit.
20 verbose updated wowsearch-elastic-adaptor
21 verbose updated wowsearch-parse
22 verbose updated wowsearch-standalone
23 verbose updated wowsearch-ui
24 verbose updated wowsearch
25 info Checking for prereleased packages...
26 silly collectDependents
27 silly isPackageDependentOf wowsearch-elastic-adaptor wowsearch-elastic-adaptor
28 silly isPackageDependentOf wowsearch-parse wowsearch-elastic-adaptor
29 silly isPackageDependentOf wowsearch-elastic-adaptor wowsearch-parse
30 verbose dependent wowsearch-elastic-adaptor depends on wowsearch-parse
31 silly isPackageDependentOf wowsearch-elastic-adaptor wowsearch-standalone
32 silly isPackageDependentOf wowsearch-parse wowsearch-standalone
33 silly isPackageDependentOf wowsearch-elastic-adaptor wowsearch-ui
34 silly isPackageDependentOf wowsearch-parse wowsearch-ui
35 silly isPackageDependentOf wowsearch-elastic-adaptor wowsearch
36 silly isPackageDependentOf wowsearch-parse wowsearch
37 silly isPackageDependentOf wowsearch-parse wowsearch-elastic-adaptor
38 silly isPackageDependentOf wowsearch-parse wowsearch-parse
39 silly isPackageDependentOf wowsearch-parse wowsearch-standalone
40 silly isPackageDependentOf wowsearch-parse wowsearch-ui
41 silly isPackageDependentOf wowsearch-parse wowsearch
42 silly isPackageDependentOf wowsearch-standalone wowsearch-elastic-adaptor
43 silly isPackageDependentOf wowsearch wowsearch-elastic-adaptor
44 silly isPackageDependentOf wowsearch-standalone wowsearch-parse
45 silly isPackageDependentOf wowsearch wowsearch-parse
46 silly isPackageDependentOf wowsearch-standalone wowsearch-standalone
47 silly isPackageDependentOf wowsearch wowsearch-standalone
48 silly isPackageDependentOf wowsearch-standalone wowsearch-ui
49 silly isPackageDependentOf wowsearch wowsearch-ui
50 silly isPackageDependentOf wowsearch-standalone wowsearch
51 verbose dependent wowsearch-standalone depends on wowsearch
52 silly isPackageDependentOf wowsearch-ui wowsearch-elastic-adaptor
53 silly isPackageDependentOf wowsearch-ui wowsearch-parse
54 silly isPackageDependentOf wowsearch-ui wowsearch-standalone
55 silly isPackageDependentOf wowsearch-ui wowsearch-ui
56 silly isPackageDependentOf wowsearch-ui wowsearch
57 silly isPackageDependentOf wowsearch wowsearch-elastic-adaptor
58 silly isPackageDependentOf wowsearch wowsearch-parse
59 silly isPackageDependentOf wowsearch wowsearch-standalone
60 silly isPackageDependentOf wowsearch wowsearch-ui
61 silly isPackageDependentOf wowsearch wowsearch
62 silly collectUpdates
63 verbose has filtered update wowsearch-elastic-adaptor
64 verbose has filtered update wowsearch-parse
65 verbose has filtered update wowsearch-standalone
66 verbose has filtered update wowsearch-ui
67 verbose has filtered update wowsearch
68 silly initialize success
69 silly execute attempt
70 silly addFile /Users/yucong02/self/wowsearch/lerna.json
71 silly runScriptSync preversion wowsearch
72 silly runScriptSync preversion wowsearch-elastic-adaptor
73 silly runScriptSync version wowsearch-elastic-adaptor
74 silly runScriptInDirSync version [] wowsearch-elastic-adaptor
75 silly getExecOpts { cwd: '/Users/yucong02/self/wowsearch/packages/wowsearch-elastic-adaptor' }
76 error execute caught error
77 error Error: PASS wowsearch-elastic-adaptor ../wowsearch/__tests__/match.test.ts
77 error PASS wowsearch-elastic-adaptor ../wowsearch/__tests__/parseSitemap.test.ts
77 error PASS wowsearch-elastic-adaptor ../wowsearch/__tests__/wowsearch.test.ts
77 error FAIL wowsearch-elastic-adaptor ../wowsearch-standalone/__tests__/spec.test.js
77 error   ● Test suite failed to run
77 error
77 error     Jest encountered an unexpected token
77 error
77 error     This usually means that you are trying to import a file which Jest cannot parse, e.g. it's not plain JavaScript.
77 error
77 error     By default, if Jest sees a Babel config, it will use that to transform your files, ignoring "node_modules".
77 error
77 error     Here's what you can do:
77 error      • To have some of your "node_modules" files transformed, you can specify a custom "transformIgnorePatterns" in your config.
77 error      • If you need a custom transformation specify a "transform" option in your config.
77 error      • If you simply want to mock your non-JS modules (e.g. binary assets) you can stub them out with the "moduleNameMapper" config option.
77 error
77 error     You'll find more details and examples of these config options in the docs:
77 error     https://jestjs.io/docs/en/configuration.html
77 error
77 error     Details:
77 error
77 error     /Users/yucong02/self/wowsearch/packages/wowsearch-standalone/__tests__/spec.test.js:6
77 error     import wowsearchStandalone from '../';
77 error     ^^^^^^
77 error
77 error     SyntaxError: Unexpected token import
77 error
77 error       at ScriptTransformer._transformAndBuildScript (node_modules/jest-runtime/build/script_transformer.js:403:17)
77 error
77 error PASS wowsearch-elastic-adaptor __tests__/spec.test.ts (30.255s)
77 error PASS wowsearch-elastic-adaptor ../wowsearch-parse/__tests__/spec.test.ts (59.208s)
77 error
77 error Snapshot Summary
77 error  › 1 snapshot file obsolete from 1 test suite. To remove it, run `npm test -- -u`.
77 error  › 1 snapshot obsolete from 1 test suite. To remove it, run `npm test -- -u`.
77 error    ↳ packages/wowsearch/__tests__/crawl.test.ts
77 error        • flattenDocumentNode should flattenDocumentNode spec 1
77 error
77 error Test Suites: 1 failed, 1 skipped, 5 passed, 6 of 7 total
77 error Tests:       7 skipped, 9 passed, 16 total
77 error Snapshots:   1 obsolete, 1 file obsolete, 5 passed, 5 total
77 error Time:        61.031s
77 error Ran all test suites.
77 error npm ERR! Test failed.  See above for more details.
77 error npm ERR! code ELIFECYCLE
77 error npm ERR! errno 1
77 error npm ERR! wowsearch-elastic-adaptor@0.0.3 version: `npm test`
77 error npm ERR! Exit status 1
77 error npm ERR!
77 error npm ERR! Failed at the wowsearch-elastic-adaptor@0.0.3 version script.
77 error npm ERR! This is probably not a problem with npm. There is likely additional logging output above.
77 error
77 error npm ERR! A complete log of this run can be found in:
77 error npm ERR!     /Users/yucong02/.npm/_logs/2019-10-05T02_54_24_848Z-debug.log
77 error
77 error     at Function.module.exports.sync (/Users/yucong02/self/wowsearch/node_modules/lerna/node_modules/execa/index.js:303:26)
77 error     at Function.execSync (/Users/yucong02/self/wowsearch/node_modules/lerna/lib/ChildProcessUtilities.js:59:30)
77 error     at Function.runScriptInDirSync (/Users/yucong02/self/wowsearch/node_modules/lerna/lib/NpmUtilities.js:198:39)
77 error     at Package.runScriptSync (/Users/yucong02/self/wowsearch/node_modules/lerna/lib/Package.js:95:32)
77 error     at PublishCommand.runSyncScriptInPackage (/Users/yucong02/self/wowsearch/node_modules/lerna/lib/commands/PublishCommand.js:632:11)
77 error     at /Users/yucong02/self/wowsearch/node_modules/lerna/lib/commands/PublishCommand.js:681:16
77 error     at Array.forEach (<anonymous>)
77 error     at PublishCommand.updateUpdatedPackages (/Users/yucong02/self/wowsearch/node_modules/lerna/lib/commands/PublishCommand.js:660:20)
77 error     at PublishCommand.execute (/Users/yucong02/self/wowsearch/node_modules/lerna/lib/commands/PublishCommand.js:326:12)
